Using pre-set license

 COMMAND LINE ARGUMENTS:
/Applications/Unity/Hub/Editor/2020.3.0f1/Unity.app/Contents/MacOS/Unity
-adb2
-batchMode
-noUpm
-name
AssetImportWorker0
-projectPath
/Users/nswell/Documents/Git/CellStudio/ARMODs/Unity/ARMOD-Examples/ARMOD-StackAR/ARMOD-StackAR
-logFile
Logs/AssetImportWorker0.log
-srvPort
63315
Successfully changed project path to: /Users/nswell/Documents/Git/CellStudio/ARMODs/Unity/ARMOD-Examples/ARMOD-StackAR/ARMOD-StackAR
/Users/nswell/Documents/Git/CellStudio/ARMODs/Unity/ARMOD-Examples/ARMOD-StackAR/ARMOD-StackAR
Using Asset Import Pipeline V2.
Refreshing native plugins compatible for Editor in 84.32 ms, found 4 plugins.
Preloading 0 native plugins for Editor in 0.00 ms.
Initialize engine version: 2020.3.0f1 (c7b5465681fb)
[Subsystems] Discovering subsystems at path /Applications/Unity/Hub/Editor/2020.3.0f1/Unity.app/Contents/Resources/UnitySubsystems
[Subsystems] Discovering subsystems at path /Users/nswell/Documents/Git/CellStudio/ARMODs/Unity/ARMOD-Examples/ARMOD-StackAR/ARMOD-StackAR/Assets
GfxDevice: creating device client; threaded=0
2021-07-18 23:24:29.707 Unity[11587:324768] Color LCD preferred device: Intel(R) UHD Graphics 630 (low power)
2021-07-18 23:24:29.707 Unity[11587:324768] Metal devices available: 2
2021-07-18 23:24:29.708 Unity[11587:324768] 0: AMD Radeon Pro Vega 20 (high power)
2021-07-18 23:24:29.708 Unity[11587:324768] 1: Intel(R) UHD Graphics 630 (low power)
2021-07-18 23:24:29.708 Unity[11587:324768] Using device AMD Radeon Pro Vega 20 (high power)
Initializing Metal device caps: AMD Radeon Pro Vega 20
Shader 'Universal Render Pipeline/Particles/Lit': fallback shader 'Universal Render Pipeline/Particles/SimpleLit' not found
Initialize mono
Mono path[0] = '/Applications/Unity/Hub/Editor/2020.3.0f1/Unity.app/Contents/Managed'
Mono path[1] = '/Applications/Unity/Hub/Editor/2020.3.0f1/Unity.app/Contents/MonoBleedingEdge/lib/mono/unityjit'
Mono config path = '/Applications/Unity/Hub/Editor/2020.3.0f1/Unity.app/Contents/MonoBleedingEdge/etc'
Using monoOptions --debugger-agent=transport=dt_socket,embedding=1,server=y,suspend=n,address=127.0.0.1:56587
Begin MonoManager ReloadAssembly
Registering precompiled unity dll's ...
Register platform support module: /Applications/Unity/Hub/Editor/2020.3.0f1/Unity.app/Contents/PlaybackEngines/MacStandaloneSupport/UnityEditor.OSXStandalone.Extensions.dll
Registered in 0.000477 seconds.
Native extension for OSXStandalone target not found
Refreshing native plugins compatible for Editor in 60.90 ms, found 4 plugins.
Preloading 0 native plugins for Editor in 0.00 ms.
Invoked RoslynAnalysisRunner static constructor.
RoslynAnalysisRunner will not be running.
RoslynAnalysisRunner has terminated.
Mono: successfully reloaded assembly
- Completed reload, in  2.207 seconds
Platform modules already initialized, skipping
Registering precompiled user dll's ...
Registered in 0.003799 seconds.
Begin MonoManager ReloadAssembly
Symbol file data-0x7f8e0f8c2400 doesn't match image /Users/nswell/Documents/Git/CellStudio/ARMODs/Unity/ARMOD-Examples/ARMOD-StackAR/ARMOD-StackAR/Library/ScriptAssemblies/StackAR.Runtime.dll
Symbol file LoadedFromMemory is not a mono symbol file
Native extension for OSXStandalone target not found
Refreshing native plugins compatible for Editor in 129.07 ms, found 4 plugins.
Preloading 0 native plugins for Editor in 0.00 ms.
WARNING: RGBA Compressed PVRTC 4BPP sRGB format is not supported, decompressing texture
Invoked RoslynAnalysisRunner static constructor.
RoslynAnalysisRunner will not be running.
RoslynAnalysisRunner has terminated.
Mono: successfully reloaded assembly
- Completed reload, in  2.329 seconds
Platform modules already initialized, skipping
========================================================================
Worker process is ready to serve import requests
Shader 'Universal Render Pipeline/Particles/Lit': fallback shader 'Universal Render Pipeline/Particles/SimpleLit' not found
Launching external process: /Applications/Unity/Hub/Editor/2020.3.0f1/Unity.app/Contents/Tools/UnityShaderCompiler
Launched and connected shader compiler UnityShaderCompiler after 0.02 seconds
Refreshing native plugins compatible for Editor in 1.06 ms, found 4 plugins.
Preloading 0 native plugins for Editor in 0.00 ms.
Unloading 4269 Unused Serialized files (Serialized files now loaded: 0)
System memory in use before: 263.8 MB.
System memory in use after: 264.1 MB.

Unloading 45 unused Assets to reduce memory usage. Loaded Objects now: 4695.
Total: 4.012358 ms (FindLiveObjects: 0.578932 ms CreateObjectMapping: 0.311767 ms MarkObjects: 3.036616 ms  DeleteObjects: 0.083931 ms)

========================================================================
Received Import Request.
  path: Assets/StackAR/Scripts/Runtime
  artifactKey: Guid(cbe1922219562e9499f382e2514bbed5) Importer(815301076,1909f56bfc062723c751e8b465ee728b)
Start importing Assets/StackAR/Scripts/Runtime using Guid(cbe1922219562e9499f382e2514bbed5) Importer(815301076,1909f56bfc062723c751e8b465ee728b)  -> (artifact id: '8d09427e5075726821f861b3146bad17') in 0.005767 seconds
  Import took 0.011475 seconds .

========================================================================
Received Import Request.
  Time since last request: 0.000194 seconds.
  path: Assets/StackAR/Scripts/Runtime/StackARMainEntry.cs
  artifactKey: Guid(9dc8a337313860f4b8a65bad1d670dda) Importer(815301076,1909f56bfc062723c751e8b465ee728b)
Start importing Assets/StackAR/Scripts/Runtime/StackARMainEntry.cs using Guid(9dc8a337313860f4b8a65bad1d670dda) Importer(815301076,1909f56bfc062723c751e8b465ee728b)  -> (artifact id: 'b306b9222866da1464d5cfc956d4541f') in 0.505158 seconds
  Import took 0.514437 seconds .

========================================================================
Received Import Request.
  Time since last request: 0.000563 seconds.
  path: Assets/StackAR/Scripts
  artifactKey: Guid(068b703f8197e794aac8f16bc9d72185) Importer(815301076,1909f56bfc062723c751e8b465ee728b)
Start importing Assets/StackAR/Scripts using Guid(068b703f8197e794aac8f16bc9d72185) Importer(815301076,1909f56bfc062723c751e8b465ee728b)  -> (artifact id: '02bf59c9aa30d3f7d09f066363bd5961') in 0.000945 seconds
  Import took 0.009201 seconds .

========================================================================
Received Import Request.
  Time since last request: 0.000221 seconds.
  path: Assets/StackAR/Scripts/Runtime/StackARManager.cs
  artifactKey: Guid(bb5a996d968a825448cc7246e09eafeb) Importer(815301076,1909f56bfc062723c751e8b465ee728b)
Start importing Assets/StackAR/Scripts/Runtime/StackARManager.cs using Guid(bb5a996d968a825448cc7246e09eafeb) Importer(815301076,1909f56bfc062723c751e8b465ee728b)  -> (artifact id: 'ebdcb4c82119446d1121d021fee41b92') in 0.005765 seconds
  Import took 0.016484 seconds .

========================================================================
Received Import Request.
  Time since last request: 30.644378 seconds.
  path: Assets/StackAR/Scripts/Runtime/StackARMainEntry.cs
  artifactKey: Guid(9dc8a337313860f4b8a65bad1d670dda) Importer(815301076,1909f56bfc062723c751e8b465ee728b)
Start importing Assets/StackAR/Scripts/Runtime/StackARMainEntry.cs using Guid(9dc8a337313860f4b8a65bad1d670dda) Importer(815301076,1909f56bfc062723c751e8b465ee728b)  -> (artifact id: 'dd4f2fd1d5e4657d2e0bd498d4dad4dd') in 0.002465 seconds
  Import took 0.012736 seconds .

========================================================================
Received Prepare
Registering precompiled user dll's ...
Registered in 0.007866 seconds.
Begin MonoManager ReloadAssembly
Native extension for OSXStandalone target not found
Refreshing native plugins compatible for Editor in 0.88 ms, found 4 plugins.
Preloading 0 native plugins for Editor in 0.00 ms.
Invoked RoslynAnalysisRunner static constructor.
RoslynAnalysisRunner will not be running.
RoslynAnalysisRunner has terminated.
Mono: successfully reloaded assembly
- Completed reload, in  1.232 seconds
Platform modules already initialized, skipping
Switching build target platform(2) subTarget(0) extendedPlatform(0) -> platform(9) subTarget(16777218) extendedPlatform(0)
Shader 'Universal Render Pipeline/Particles/Lit': fallback shader 'Universal Render Pipeline/Particles/SimpleLit' not found
Refreshing native plugins compatible for Editor in 0.83 ms, found 4 plugins.
Preloading 0 native plugins for Editor in 0.00 ms.
Unloading 4132 Unused Serialized files (Serialized files now loaded: 0)
System memory in use before: 259.7 MB.
System memory in use after: 259.9 MB.

Unloading 38 unused Assets to reduce memory usage. Loaded Objects now: 4699.
Total: 3.067869 ms (FindLiveObjects: 0.415406 ms CreateObjectMapping: 0.202119 ms MarkObjects: 2.408691 ms  DeleteObjects: 0.040144 ms)

AssetImportParameters requested are different than current active one (requested -> active):
  custom:graphics/normal-map-encoding: 01000000000000000000000000000000 -> 02000000000000000000000000000000
========================================================================
Received Import Request.
  Time since last request: 32.806171 seconds.
  path: Assets/StackAR/Scripts/Runtime/StackARMainEntry.cs
  artifactKey: Guid(9dc8a337313860f4b8a65bad1d670dda) Importer(815301076,1909f56bfc062723c751e8b465ee728b)
Start importing Assets/StackAR/Scripts/Runtime/StackARMainEntry.cs using Guid(9dc8a337313860f4b8a65bad1d670dda) Importer(815301076,1909f56bfc062723c751e8b465ee728b)  -> (artifact id: 'e336feecca01ecc15afc6eeb4a8824b9') in 0.007429 seconds
  Import took 0.015202 seconds .

========================================================================
Received Prepare
Registering precompiled user dll's ...
Registered in 0.001171 seconds.
Begin MonoManager ReloadAssembly
Native extension for OSXStandalone target not found
Refreshing native plugins compatible for Editor in 0.69 ms, found 4 plugins.
Preloading 0 native plugins for Editor in 0.00 ms.
Invoked RoslynAnalysisRunner static constructor.
RoslynAnalysisRunner will not be running.
RoslynAnalysisRunner has terminated.
Mono: successfully reloaded assembly
- Completed reload, in  1.171 seconds
Platform modules already initialized, skipping
Switching build target platform(2) subTarget(0) extendedPlatform(0) -> platform(9) subTarget(16777218) extendedPlatform(0)
Shader 'Universal Render Pipeline/Particles/Lit': fallback shader 'Universal Render Pipeline/Particles/SimpleLit' not found
Refreshing native plugins compatible for Editor in 0.70 ms, found 4 plugins.
Preloading 0 native plugins for Editor in 0.00 ms.
Unloading 4093 Unused Serialized files (Serialized files now loaded: 0)
System memory in use before: 253.3 MB.
System memory in use after: 253.5 MB.

Unloading 48 unused Assets to reduce memory usage. Loaded Objects now: 4678.
Total: 4.230541 ms (FindLiveObjects: 0.477314 ms CreateObjectMapping: 0.189352 ms MarkObjects: 3.484568 ms  DeleteObjects: 0.076996 ms)

AssetImportParameters requested are different than current active one (requested -> active):
  custom:graphics/normal-map-encoding: 01000000000000000000000000000000 -> 02000000000000000000000000000000
